  [1m[36m (156.5ms)[0m  [1mCREATE TABLE "schema_migrations" ("version" varchar(255) NOT NULL) [0m
  [1m[35m (0.3ms)[0m  select sqlite_version(*)
  [1m[36m (120.4ms)[0m  [1mCREATE UNIQUE INDEX "unique_schema_migrations" ON "schema_migrations" ("version")[0m
  [1m[35mActiveRecord::SchemaMigration Load (0.4ms)[0m  SELECT "schema_migrations".* FROM "schema_migrations"
Migrating to CreateCities (20140730201245)
  [1m[36m (0.2ms)[0m  [1mbegin transaction[0m
  [1m[35m (0.7ms)[0m  CREATE TABLE "cities" ("id" INTEGER PRIMARY KEY AUTOINCREMENT NOT NULL, "name" varchar(255), "created_at" datetime, "updated_at" datetime) 
  [1m[36mSQL (0.3ms)[0m  [1mINSERT INTO "schema_migrations" ("version") VALUES (?)[0m  [["version", "20140730201245"]]
  [1m[35m (151.0ms)[0m  commit transaction
Migrating to CreateContacts (20140730201338)
  [1m[36m (0.3ms)[0m  [1mbegin transaction[0m
  [1m[35m (0.7ms)[0m  CREATE TABLE "contacts" ("id" INTEGER PRIMARY KEY AUTOINCREMENT NOT NULL, "objects" integer, "number" integer, "city_id" integer, "created_at" datetime, "updated_at" datetime) 
  [1m[36mSQL (0.3ms)[0m  [1mINSERT INTO "schema_migrations" ("version") VALUES (?)[0m  [["version", "20140730201338"]]
  [1m[35m (159.3ms)[0m  commit transaction
Migrating to CreateUsers (20140730201522)
  [1m[36m (0.3ms)[0m  [1mbegin transaction[0m
  [1m[35m (0.7ms)[0m  CREATE TABLE "users" ("id" INTEGER PRIMARY KEY AUTOINCREMENT NOT NULL, "name" varchar(255), "email" varchar(255), "password" varchar(255), "admin" boolean, "created_at" datetime, "updated_at" datetime) 
  [1m[36mSQL (0.1ms)[0m  [1mINSERT INTO "schema_migrations" ("version") VALUES (?)[0m  [["version", "20140730201522"]]
  [1m[35m (137.8ms)[0m  commit transaction
  [1m[36mActiveRecord::SchemaMigration Load (0.1ms)[0m  [1mSELECT "schema_migrations".* FROM "schema_migrations"[0m
  [1m[36mActiveRecord::SchemaMigration Load (0.2ms)[0m  [1mSELECT "schema_migrations".* FROM "schema_migrations"[0m
  [1m[35mActiveRecord::SchemaMigration Load (0.1ms)[0m  SELECT "schema_migrations".* FROM "schema_migrations"
  [1m[36mCity Load (1.4ms)[0m  [1mSELECT "cities".* FROM "cities"[0m


Started GET "/" for 127.0.0.1 at 2014-07-31 20:55:27 +0200
  [1m[36mActiveRecord::SchemaMigration Load (0.1ms)[0m  [1mSELECT "schema_migrations".* FROM "schema_migrations"[0m
Processing by Rails::WelcomeController#index as HTML
  Rendered /home/gosia/.rvm/gems/ruby-2.0.0-p247/gems/railties-4.1.2/lib/rails/templates/rails/welcome/index.html.erb (16.5ms)
Completed 200 OK in 77ms (Views: 58.8ms | ActiveRecord: 0.0ms)


Started GET "/city/index" for 127.0.0.1 at 2014-07-31 20:55:35 +0200

ActionController::RoutingError (No route matches [GET] "/city/index"):
  actionpack (4.1.2) lib/action_dispatch/middleware/debug_exceptions.rb:21:in `call'
  actionpack (4.1.2) lib/action_dispatch/middleware/show_exceptions.rb:30:in `call'
  railties (4.1.2) lib/rails/rack/logger.rb:38:in `call_app'
  railties (4.1.2) lib/rails/rack/logger.rb:20:in `block in call'
  activesupport (4.1.2) lib/active_support/tagged_logging.rb:68:in `block in tagged'
  activesupport (4.1.2) lib/active_support/tagged_logging.rb:26:in `tagged'
  activesupport (4.1.2) lib/active_support/tagged_logging.rb:68:in `tagged'
  railties (4.1.2) lib/rails/rack/logger.rb:20:in `call'
  actionpack (4.1.2) lib/action_dispatch/middleware/request_id.rb:21:in `call'
  rack (1.5.2) lib/rack/methodoverride.rb:21:in `call'
  rack (1.5.2) lib/rack/runtime.rb:17:in `call'
  activesupport (4.1.2) lib/active_support/cache/strategy/local_cache_middleware.rb:26:in `call'
  rack (1.5.2) lib/rack/lock.rb:17:in `call'
  actionpack (4.1.2) lib/action_dispatch/middleware/static.rb:64:in `call'
  rack (1.5.2) lib/rack/sendfile.rb:112:in `call'
  railties (4.1.2) lib/rails/engine.rb:514:in `call'
  railties (4.1.2) lib/rails/application.rb:144:in `call'
  rack (1.5.2) lib/rack/lock.rb:17:in `call'
  rack (1.5.2) lib/rack/content_length.rb:14:in `call'
  rack (1.5.2) lib/rack/handler/webrick.rb:60:in `service'
  /home/gosia/.rvm/rubies/ruby-2.0.0-p247/lib/ruby/2.0.0/webrick/httpserver.rb:138:in `service'
  /home/gosia/.rvm/rubies/ruby-2.0.0-p247/lib/ruby/2.0.0/webrick/httpserver.rb:94:in `run'
  /home/gosia/.rvm/rubies/ruby-2.0.0-p247/lib/ruby/2.0.0/webrick/server.rb:295:in `block in start_thread'


  Rendered /home/gosia/.rvm/gems/ruby-2.0.0-p247/gems/actionpack-4.1.2/lib/action_dispatch/middleware/templates/rescues/_trace.html.erb (3.4ms)
  Rendered /home/gosia/.rvm/gems/ruby-2.0.0-p247/gems/actionpack-4.1.2/lib/action_dispatch/middleware/templates/routes/_route.html.erb (3.7ms)
  Rendered /home/gosia/.rvm/gems/ruby-2.0.0-p247/gems/actionpack-4.1.2/lib/action_dispatch/middleware/templates/routes/_table.html.erb (30.3ms)
  Rendered /home/gosia/.rvm/gems/ruby-2.0.0-p247/gems/actionpack-4.1.2/lib/action_dispatch/middleware/templates/rescues/routing_error.html.erb within rescues/layout (157.2ms)


Started GET "/cities/index" for 127.0.0.1 at 2014-07-31 20:55:44 +0200

SyntaxError (/home/gosia/cl/ufo/app/controllers/cities_controller.rb:97: syntax error, unexpected keyword_end, expecting end-of-input):
  app/controllers/cities_controller.rb:97: syntax error, unexpected keyword_end, expecting end-of-input


  Rendered /home/gosia/.rvm/gems/ruby-2.0.0-p247/gems/actionpack-4.1.2/lib/action_dispatch/middleware/templates/rescues/_source.erb (1.1ms)
  Rendered /home/gosia/.rvm/gems/ruby-2.0.0-p247/gems/actionpack-4.1.2/lib/action_dispatch/middleware/templates/rescues/_trace.html.erb (2.0ms)
  Rendered /home/gosia/.rvm/gems/ruby-2.0.0-p247/gems/actionpack-4.1.2/lib/action_dispatch/middleware/templates/rescues/_request_and_response.html.erb (1.7ms)
  Rendered /home/gosia/.rvm/gems/ruby-2.0.0-p247/gems/actionpack-4.1.2/lib/action_dispatch/middleware/templates/rescues/diagnostics.erb within rescues/layout (45.6ms)


Started GET "/cities/index" for 127.0.0.1 at 2014-07-31 20:56:28 +0200

SyntaxError (/home/gosia/cl/ufo/app/controllers/cities_controller.rb:56: syntax error, unexpected keyword_end, expecting end-of-input):
  app/controllers/cities_controller.rb:56: syntax error, unexpected keyword_end, expecting end-of-input


  Rendered /home/gosia/.rvm/gems/ruby-2.0.0-p247/gems/actionpack-4.1.2/lib/action_dispatch/middleware/templates/rescues/_source.erb (0.9ms)
  Rendered /home/gosia/.rvm/gems/ruby-2.0.0-p247/gems/actionpack-4.1.2/lib/action_dispatch/middleware/templates/rescues/_trace.html.erb (1.5ms)
  Rendered /home/gosia/.rvm/gems/ruby-2.0.0-p247/gems/actionpack-4.1.2/lib/action_dispatch/middleware/templates/rescues/_request_and_response.html.erb (1.7ms)
  Rendered /home/gosia/.rvm/gems/ruby-2.0.0-p247/gems/actionpack-4.1.2/lib/action_dispatch/middleware/templates/rescues/diagnostics.erb within rescues/layout (18.5ms)


Started GET "/cities/index" for 127.0.0.1 at 2014-07-31 20:56:45 +0200
Processing by CitiesController#show as HTML
  Parameters: {"id"=>"index"}
  [1m[35mCity Load (0.2ms)[0m  SELECT  "cities".* FROM "cities"  WHERE "cities"."id" = ? LIMIT 1  [["id", 0]]
Completed 404 Not Found in 6ms

ActiveRecord::RecordNotFound (Couldn't find City with 'id'=index):
  app/controllers/cities_controller.rb:49:in `set_city'


  Rendered /home/gosia/.rvm/gems/ruby-2.0.0-p247/gems/actionpack-4.1.2/lib/action_dispatch/middleware/templates/rescues/_source.erb (0.9ms)
  Rendered /home/gosia/.rvm/gems/ruby-2.0.0-p247/gems/actionpack-4.1.2/lib/action_dispatch/middleware/templates/rescues/_trace.html.erb (1.7ms)
  Rendered /home/gosia/.rvm/gems/ruby-2.0.0-p247/gems/actionpack-4.1.2/lib/action_dispatch/middleware/templates/rescues/_request_and_response.html.erb (1.3ms)
  Rendered /home/gosia/.rvm/gems/ruby-2.0.0-p247/gems/actionpack-4.1.2/lib/action_dispatch/middleware/templates/rescues/diagnostics.erb within rescues/layout (18.8ms)
  [1m[36m (0.1ms)[0m  [1mbegin transaction[0m
  [1m[35mSQL (0.5ms)[0m  INSERT INTO "cities" ("created_at", "name", "updated_at") VALUES (?, ?, ?)  [["created_at", "2014-07-31 19:00:19.345856"], ["name", "Warszawa"], ["updated_at", "2014-07-31 19:00:19.345856"]]
  [1m[36m (131.3ms)[0m  [1mcommit transaction[0m


Started GET "/cities/index" for 127.0.0.1 at 2014-07-31 21:00:43 +0200
  [1m[36mActiveRecord::SchemaMigration Load (0.1ms)[0m  [1mSELECT "schema_migrations".* FROM "schema_migrations"[0m
Processing by CitiesController#show as HTML
  Parameters: {"id"=>"index"}
  [1m[35mCity Load (0.3ms)[0m  SELECT  "cities".* FROM "cities"  WHERE "cities"."id" = ? LIMIT 1  [["id", 0]]
Completed 404 Not Found in 17ms

ActiveRecord::RecordNotFound (Couldn't find City with 'id'=index):
  app/controllers/cities_controller.rb:49:in `set_city'


  Rendered /home/gosia/.rvm/gems/ruby-2.0.0-p247/gems/actionpack-4.1.2/lib/action_dispatch/middleware/templates/rescues/_source.erb (1.2ms)
  Rendered /home/gosia/.rvm/gems/ruby-2.0.0-p247/gems/actionpack-4.1.2/lib/action_dispatch/middleware/templates/rescues/_trace.html.erb (1.9ms)
  Rendered /home/gosia/.rvm/gems/ruby-2.0.0-p247/gems/actionpack-4.1.2/lib/action_dispatch/middleware/templates/rescues/_request_and_response.html.erb (1.3ms)
  Rendered /home/gosia/.rvm/gems/ruby-2.0.0-p247/gems/actionpack-4.1.2/lib/action_dispatch/middleware/templates/rescues/diagnostics.erb within rescues/layout (20.4ms)


Started GET "/cities/index" for 127.0.0.1 at 2014-07-31 21:01:14 +0200
Processing by CitiesController#show as HTML
  Parameters: {"id"=>"index"}
Completed 404 Not Found in 3ms

ActiveRecord::RecordNotFound (Couldn't find City without an ID):
  app/controllers/cities_controller.rb:49:in `set_city'


  Rendered /home/gosia/.rvm/gems/ruby-2.0.0-p247/gems/actionpack-4.1.2/lib/action_dispatch/middleware/templates/rescues/_source.erb (1.6ms)
  Rendered /home/gosia/.rvm/gems/ruby-2.0.0-p247/gems/actionpack-4.1.2/lib/action_dispatch/middleware/templates/rescues/_trace.html.erb (1.8ms)
  Rendered /home/gosia/.rvm/gems/ruby-2.0.0-p247/gems/actionpack-4.1.2/lib/action_dispatch/middleware/templates/rescues/_request_and_response.html.erb (1.8ms)
  Rendered /home/gosia/.rvm/gems/ruby-2.0.0-p247/gems/actionpack-4.1.2/lib/action_dispatch/middleware/templates/rescues/diagnostics.erb within rescues/layout (20.4ms)


Started GET "/cities" for 127.0.0.1 at 2014-07-31 21:02:33 +0200
  [1m[36mActiveRecord::SchemaMigration Load (0.1ms)[0m  [1mSELECT "schema_migrations".* FROM "schema_migrations"[0m
Processing by CitiesController#index as HTML
  Rendered cities/index.html.erb within layouts/application (3.6ms)
Completed 500 Internal Server Error in 26ms

ActionView::Template::Error (undefined method `each' for nil:NilClass):
    13:   </thead>
    14: 
    15:   <tbody>
    16:     <% @index.each do |ticket| %>
    17:       <tr>
    18:         <td><%= ticket.id %></td>
    19:         <td><%= ticket.name %></td>
  app/views/cities/index.html.erb:16:in `_app_views_cities_index_html_erb__3160928433389943401_38416800'


  Rendered /home/gosia/.rvm/gems/ruby-2.0.0-p247/gems/actionpack-4.1.2/lib/action_dispatch/middleware/templates/rescues/_trace.html.erb (2.8ms)
  Rendered /home/gosia/.rvm/gems/ruby-2.0.0-p247/gems/actionpack-4.1.2/lib/action_dispatch/middleware/templates/rescues/_request_and_response.html.erb (1.2ms)
  Rendered /home/gosia/.rvm/gems/ruby-2.0.0-p247/gems/actionpack-4.1.2/lib/action_dispatch/middleware/templates/rescues/template_error.html.erb within rescues/layout (21.1ms)


Started GET "/cities" for 127.0.0.1 at 2014-07-31 21:03:30 +0200
Processing by CitiesController#index as HTML
  [1m[35mCity Load (0.6ms)[0m  SELECT "cities".* FROM "cities"
  Rendered cities/index.html.erb within layouts/application (19.5ms)
Completed 500 Internal Server Error in 22ms

ActionView::Template::Error (undefined method `comp_edit_path' for #<#<Class:0x00000004880870>:0x00000004cbbe08>):
    18:         <td><%= ticket.id %></td>
    19:         <td><%= ticket.name %></td>
    20:        
    21:  <!--<td><%= link_to 'Edit', comp_edit_path(@my)%>
    22:  <td><%= link_to 'show', comp_show_path(ticket.id)%></td>
    23:  <td><%= link_to 'delete', comp_delete_path(@my), :method => :delete %></td></td> -->
    24:       </tr>
  app/views/cities/index.html.erb:21:in `block in _app_views_cities_index_html_erb__3160928433389943401_40228060'
  app/views/cities/index.html.erb:16:in `_app_views_cities_index_html_erb__3160928433389943401_40228060'


  Rendered /home/gosia/.rvm/gems/ruby-2.0.0-p247/gems/actionpack-4.1.2/lib/action_dispatch/middleware/templates/rescues/_trace.html.erb (36.0ms)
  Rendered /home/gosia/.rvm/gems/ruby-2.0.0-p247/gems/actionpack-4.1.2/lib/action_dispatch/middleware/templates/rescues/_request_and_response.html.erb (1.4ms)
  Rendered /home/gosia/.rvm/gems/ruby-2.0.0-p247/gems/actionpack-4.1.2/lib/action_dispatch/middleware/templates/rescues/template_error.html.erb within rescues/layout (49.3ms)


Started GET "/cities" for 127.0.0.1 at 2014-07-31 21:05:20 +0200
Processing by CitiesController#index as HTML
  [1m[36mCity Load (0.3ms)[0m  [1mSELECT "cities".* FROM "cities"[0m
  Rendered cities/index.html.erb within layouts/application (2.2ms)
Completed 200 OK in 1449ms (Views: 1448.0ms | ActiveRecord: 0.3ms)


Started GET "/assets/cities.css?body=1" for 127.0.0.1 at 2014-07-31 21:05:22 +0200


Started GET "/assets/contacts.css?body=1" for 127.0.0.1 at 2014-07-31 21:05:22 +0200


Started GET "/assets/cities.js?body=1" for 127.0.0.1 at 2014-07-31 21:05:22 +0200


Started GET "/assets/contacts.js?body=1" for 127.0.0.1 at 2014-07-31 21:05:22 +0200


Started GET "/assets/jquery.js?body=1" for 127.0.0.1 at 2014-07-31 21:05:22 +0200


Started GET "/assets/application.css?body=1" for 127.0.0.1 at 2014-07-31 21:05:22 +0200


Started GET "/assets/users.css?body=1" for 127.0.0.1 at 2014-07-31 21:05:22 +0200


Started GET "/assets/jquery_ujs.js?body=1" for 127.0.0.1 at 2014-07-31 21:05:22 +0200


Started GET "/assets/turbolinks.js?body=1" for 127.0.0.1 at 2014-07-31 21:05:22 +0200


Started GET "/assets/users.js?body=1" for 127.0.0.1 at 2014-07-31 21:05:22 +0200


Started GET "/assets/application.js?body=1" for 127.0.0.1 at 2014-07-31 21:05:22 +0200


Started GET "/cities" for 127.0.0.1 at 2014-07-31 21:05:50 +0200
Processing by CitiesController#index as HTML
  [1m[35mCity Load (0.2ms)[0m  SELECT "cities".* FROM "cities"
  Rendered cities/index.html.erb within layouts/application (1.1ms)
Completed 200 OK in 10ms (Views: 8.5ms | ActiveRecord: 0.2ms)


Started GET "/assets/users.css?body=1" for 127.0.0.1 at 2014-07-31 21:05:50 +0200


Started GET "/assets/application.css?body=1" for 127.0.0.1 at 2014-07-31 21:05:50 +0200


Started GET "/assets/jquery_ujs.js?body=1" for 127.0.0.1 at 2014-07-31 21:05:50 +0200


Started GET "/assets/turbolinks.js?body=1" for 127.0.0.1 at 2014-07-31 21:05:50 +0200


Started GET "/assets/users.js?body=1" for 127.0.0.1 at 2014-07-31 21:05:50 +0200


Started GET "/assets/jquery.js?body=1" for 127.0.0.1 at 2014-07-31 21:05:51 +0200


Started GET "/assets/application.js?body=1" for 127.0.0.1 at 2014-07-31 21:05:51 +0200


Started GET "/cities" for 127.0.0.1 at 2014-07-31 21:05:53 +0200
Processing by CitiesController#index as HTML
  [1m[36mCity Load (0.5ms)[0m  [1mSELECT "cities".* FROM "cities"[0m
  Rendered cities/index.html.erb within layouts/application (2.1ms)
Completed 200 OK in 11ms (Views: 9.3ms | ActiveRecord: 0.5ms)


Started GET "/assets/users.css?body=1" for 127.0.0.1 at 2014-07-31 21:05:53 +0200


Started GET "/assets/application.css?body=1" for 127.0.0.1 at 2014-07-31 21:05:53 +0200


Started GET "/assets/jquery_ujs.js?body=1" for 127.0.0.1 at 2014-07-31 21:05:53 +0200


Started GET "/assets/turbolinks.js?body=1" for 127.0.0.1 at 2014-07-31 21:05:53 +0200


Started GET "/assets/users.js?body=1" for 127.0.0.1 at 2014-07-31 21:05:53 +0200


Started GET "/assets/jquery.js?body=1" for 127.0.0.1 at 2014-07-31 21:05:53 +0200


Started GET "/assets/application.js?body=1" for 127.0.0.1 at 2014-07-31 21:05:53 +0200


Started GET "/cities" for 127.0.0.1 at 2014-07-31 21:06:00 +0200
Processing by CitiesController#index as HTML
  [1m[35mCity Load (0.4ms)[0m  SELECT "cities".* FROM "cities"
  Rendered cities/index.html.erb within layouts/application (3.3ms)
Completed 200 OK in 11ms (Views: 10.1ms | ActiveRecord: 0.4ms)


Started GET "/assets/users.css?body=1" for 127.0.0.1 at 2014-07-31 21:06:00 +0200


Started GET "/assets/application.css?body=1" for 127.0.0.1 at 2014-07-31 21:06:00 +0200


Started GET "/assets/users.js?body=1" for 127.0.0.1 at 2014-07-31 21:06:00 +0200


Started GET "/assets/jquery_ujs.js?body=1" for 127.0.0.1 at 2014-07-31 21:06:00 +0200


Started GET "/assets/turbolinks.js?body=1" for 127.0.0.1 at 2014-07-31 21:06:00 +0200


Started GET "/assets/jquery.js?body=1" for 127.0.0.1 at 2014-07-31 21:06:00 +0200


Started GET "/assets/application.js?body=1" for 127.0.0.1 at 2014-07-31 21:06:00 +0200


Started GET "/cities/new" for 127.0.0.1 at 2014-07-31 21:23:00 +0200
  [1m[36mActiveRecord::SchemaMigration Load (0.1ms)[0m  [1mSELECT "schema_migrations".* FROM "schema_migrations"[0m
Processing by CitiesController#new as HTML
  Rendered cities/_form.html.erb (0.7ms)
  Rendered cities/new.html.erb within layouts/application (4.7ms)
Completed 500 Internal Server Error in 61ms

SyntaxError (/home/gosia/cl/ufo/app/views/cities/_form.html.erb:11: syntax error, unexpected keyword_ensure, expecting keyword_end
/home/gosia/cl/ufo/app/views/cities/_form.html.erb:13: syntax error, unexpected end-of-input, expecting keyword_end):
  app/views/cities/_form.html.erb:11: syntax error, unexpected keyword_ensure, expecting keyword_end
  app/views/cities/_form.html.erb:13: syntax error, unexpected end-of-input, expecting keyword_end
  app/views/cities/new.html.erb:4:in `_app_views_cities_new_html_erb___3322312460310405156_10995780'


  Rendered /home/gosia/.rvm/gems/ruby-2.0.0-p247/gems/actionpack-4.1.2/lib/action_dispatch/middleware/templates/rescues/_source.erb (1.0ms)
  Rendered /home/gosia/.rvm/gems/ruby-2.0.0-p247/gems/actionpack-4.1.2/lib/action_dispatch/middleware/templates/rescues/_trace.html.erb (1.9ms)
  Rendered /home/gosia/.rvm/gems/ruby-2.0.0-p247/gems/actionpack-4.1.2/lib/action_dispatch/middleware/templates/rescues/_request_and_response.html.erb (1.6ms)
  Rendered /home/gosia/.rvm/gems/ruby-2.0.0-p247/gems/actionpack-4.1.2/lib/action_dispatch/middleware/templates/rescues/diagnostics.erb within rescues/layout (19.7ms)


Started GET "/cities/new" for 127.0.0.1 at 2014-07-31 21:23:42 +0200
Processing by CitiesController#new as HTML
  Rendered cities/_form.html.erb (126.2ms)
  Rendered cities/new.html.erb within layouts/application (127.3ms)
Completed 200 OK in 214ms (Views: 212.6ms | ActiveRecord: 0.0ms)


Started GET "/assets/users.css?body=1" for 127.0.0.1 at 2014-07-31 21:23:42 +0200


Started GET "/assets/application.css?body=1" for 127.0.0.1 at 2014-07-31 21:23:42 +0200


Started GET "/assets/turbolinks.js?body=1" for 127.0.0.1 at 2014-07-31 21:23:42 +0200


Started GET "/assets/jquery.js?body=1" for 127.0.0.1 at 2014-07-31 21:23:42 +0200


Started GET "/assets/users.js?body=1" for 127.0.0.1 at 2014-07-31 21:23:42 +0200


Started GET "/assets/jquery_ujs.js?body=1" for 127.0.0.1 at 2014-07-31 21:23:42 +0200


Started GET "/assets/application.js?body=1" for 127.0.0.1 at 2014-07-31 21:23:42 +0200


Started POST "/cities" for 127.0.0.1 at 2014-07-31 21:23:48 +0200
Processing by CitiesController#create as HTML
  Parameters: {"utf8"=>"✓", "authenticity_token"=>"bm5Q76OFWXyEbtp0t2kB1g2ZQ+OTN68uiBJFyStq8LY=", "city"=>{"name"=>"Kraków"}, "commit"=>"Create City"}
  [1m[35m (0.1ms)[0m  begin transaction
  [1m[36mSQL (0.4ms)[0m  [1mINSERT INTO "cities" ("created_at", "name", "updated_at") VALUES (?, ?, ?)[0m  [["created_at", "2014-07-31 19:23:49.023077"], ["name", "Kraków"], ["updated_at", "2014-07-31 19:23:49.023077"]]
  [1m[35m (171.0ms)[0m  commit transaction
Redirected to http://localhost:3000/cities/2
Completed 302 Found in 181ms (ActiveRecord: 171.5ms)


Started GET "/cities/2" for 127.0.0.1 at 2014-07-31 21:23:49 +0200
Processing by CitiesController#show as HTML
  Parameters: {"id"=>"2"}
Completed 404 Not Found in 1ms

ActiveRecord::RecordNotFound (Couldn't find City without an ID):
  app/controllers/cities_controller.rb:49:in `set_city'


  Rendered /home/gosia/.rvm/gems/ruby-2.0.0-p247/gems/actionpack-4.1.2/lib/action_dispatch/middleware/templates/rescues/_source.erb (0.8ms)
  Rendered /home/gosia/.rvm/gems/ruby-2.0.0-p247/gems/actionpack-4.1.2/lib/action_dispatch/middleware/templates/rescues/_trace.html.erb (1.6ms)
  Rendered /home/gosia/.rvm/gems/ruby-2.0.0-p247/gems/actionpack-4.1.2/lib/action_dispatch/middleware/templates/rescues/_request_and_response.html.erb (1.3ms)
  Rendered /home/gosia/.rvm/gems/ruby-2.0.0-p247/gems/actionpack-4.1.2/lib/action_dispatch/middleware/templates/rescues/diagnostics.erb within rescues/layout (17.5ms)


Started POST "/cities" for 127.0.0.1 at 2014-07-31 21:24:26 +0200
Processing by CitiesController#create as HTML
  Parameters: {"utf8"=>"✓", "authenticity_token"=>"bm5Q76OFWXyEbtp0t2kB1g2ZQ+OTN68uiBJFyStq8LY=", "city"=>{"name"=>"Kraków"}, "commit"=>"Create City"}
  [1m[36m (0.1ms)[0m  [1mbegin transaction[0m
  [1m[35mSQL (0.5ms)[0m  INSERT INTO "cities" ("created_at", "name", "updated_at") VALUES (?, ?, ?)  [["created_at", "2014-07-31 19:24:26.619636"], ["name", "Kraków"], ["updated_at", "2014-07-31 19:24:26.619636"]]
  [1m[36m (247.7ms)[0m  [1mcommit transaction[0m
Redirected to http://localhost:3000/cities/3
Completed 302 Found in 262ms (ActiveRecord: 249.0ms)


Started GET "/cities/3" for 127.0.0.1 at 2014-07-31 21:24:26 +0200
Processing by CitiesController#show as HTML
  Parameters: {"id"=>"3"}
Completed 404 Not Found in 2ms

ActiveRecord::RecordNotFound (Couldn't find City without an ID):
  app/controllers/cities_controller.rb:49:in `set_city'


  Rendered /home/gosia/.rvm/gems/ruby-2.0.0-p247/gems/actionpack-4.1.2/lib/action_dispatch/middleware/templates/rescues/_source.erb (1.0ms)
  Rendered /home/gosia/.rvm/gems/ruby-2.0.0-p247/gems/actionpack-4.1.2/lib/action_dispatch/middleware/templates/rescues/_trace.html.erb (1.5ms)
  Rendered /home/gosia/.rvm/gems/ruby-2.0.0-p247/gems/actionpack-4.1.2/lib/action_dispatch/middleware/templates/rescues/_request_and_response.html.erb (1.3ms)
  Rendered /home/gosia/.rvm/gems/ruby-2.0.0-p247/gems/actionpack-4.1.2/lib/action_dispatch/middleware/templates/rescues/diagnostics.erb within rescues/layout (18.2ms)


Started GET "/cities/3" for 127.0.0.1 at 2014-07-31 21:24:52 +0200
Processing by CitiesController#show as HTML
  Parameters: {"id"=>"3"}
  [1m[35mCity Load (0.3ms)[0m  SELECT  "cities".* FROM "cities"  WHERE "cities"."id" = ? LIMIT 1  [["id", 3]]
  Rendered cities/show.html.erb within layouts/application (0.5ms)
Completed 200 OK in 18ms (Views: 7.3ms | ActiveRecord: 0.9ms)


Started GET "/assets/users.css?body=1" for 127.0.0.1 at 2014-07-31 21:24:52 +0200


Started GET "/assets/turbolinks.js?body=1" for 127.0.0.1 at 2014-07-31 21:24:52 +0200


Started GET "/assets/jquery.js?body=1" for 127.0.0.1 at 2014-07-31 21:24:52 +0200


Started GET "/assets/application.css?body=1" for 127.0.0.1 at 2014-07-31 21:24:52 +0200


Started GET "/assets/application.js?body=1" for 127.0.0.1 at 2014-07-31 21:24:52 +0200


Started GET "/assets/users.js?body=1" for 127.0.0.1 at 2014-07-31 21:24:52 +0200


Started GET "/assets/jquery_ujs.js?body=1" for 127.0.0.1 at 2014-07-31 21:24:52 +0200


Started GET "/cities" for 127.0.0.1 at 2014-07-31 21:24:56 +0200
Processing by CitiesController#index as HTML
  [1m[36mCity Load (0.3ms)[0m  [1mSELECT "cities".* FROM "cities"[0m
  Rendered cities/index.html.erb within layouts/application (3.2ms)
Completed 200 OK in 12ms (Views: 10.7ms | ActiveRecord: 0.3ms)


Started GET "/assets/users.css?body=1" for 127.0.0.1 at 2014-07-31 21:24:56 +0200


Started GET "/assets/jquery_ujs.js?body=1" for 127.0.0.1 at 2014-07-31 21:24:56 +0200


Started GET "/assets/users.js?body=1" for 127.0.0.1 at 2014-07-31 21:24:56 +0200


Started GET "/assets/jquery.js?body=1" for 127.0.0.1 at 2014-07-31 21:24:56 +0200


Started GET "/assets/application.css?body=1" for 127.0.0.1 at 2014-07-31 21:24:56 +0200


Started GET "/assets/turbolinks.js?body=1" for 127.0.0.1 at 2014-07-31 21:24:56 +0200


Started GET "/assets/application.js?body=1" for 127.0.0.1 at 2014-07-31 21:24:56 +0200


Started GET "/cities" for 127.0.0.1 at 2014-07-31 21:35:00 +0200
Processing by CitiesController#index as HTML
  [1m[35mCity Load (0.4ms)[0m  SELECT "cities".* FROM "cities"
  Rendered cities/index.html.erb within layouts/application (4.7ms)
Completed 200 OK in 13ms (Views: 11.1ms | ActiveRecord: 0.4ms)


Started GET "/assets/users.css?body=1" for 127.0.0.1 at 2014-07-31 21:35:00 +0200


Started GET "/assets/application.css?body=1" for 127.0.0.1 at 2014-07-31 21:35:00 +0200


Started GET "/assets/jquery.js?body=1" for 127.0.0.1 at 2014-07-31 21:35:00 +0200


Started GET "/assets/turbolinks.js?body=1" for 127.0.0.1 at 2014-07-31 21:35:00 +0200


Started GET "/assets/jquery_ujs.js?body=1" for 127.0.0.1 at 2014-07-31 21:35:00 +0200


Started GET "/assets/users.js?body=1" for 127.0.0.1 at 2014-07-31 21:35:00 +0200


Started GET "/assets/application.js?body=1" for 127.0.0.1 at 2014-07-31 21:35:00 +0200


Started DELETE "/cities/3" for 127.0.0.1 at 2014-07-31 21:35:05 +0200
Processing by CitiesController#destroy as HTML
  Parameters: {"authenticity_token"=>"bm5Q76OFWXyEbtp0t2kB1g2ZQ+OTN68uiBJFyStq8LY=", "id"=>"3"}
  [1m[36mCity Load (0.2ms)[0m  [1mSELECT  "cities".* FROM "cities"  WHERE "cities"."id" = ? LIMIT 1[0m  [["id", 3]]
  [1m[35m (0.1ms)[0m  begin transaction
  [1m[36mSQL (0.4ms)[0m  [1mDELETE FROM "cities" WHERE "cities"."id" = ?[0m  [["id", 3]]
  [1m[35m (157.6ms)[0m  commit transaction
Redirected to http://localhost:3000/cities
Completed 302 Found in 163ms (ActiveRecord: 158.3ms)


Started GET "/cities" for 127.0.0.1 at 2014-07-31 21:35:05 +0200
Processing by CitiesController#index as HTML
  [1m[36mCity Load (0.2ms)[0m  [1mSELECT "cities".* FROM "cities"[0m
  Rendered cities/index.html.erb within layouts/application (2.0ms)
Completed 200 OK in 12ms (Views: 10.4ms | ActiveRecord: 0.2ms)


Started GET "/assets/users.css?body=1" for 127.0.0.1 at 2014-07-31 21:35:05 +0200


Started GET "/assets/jquery_ujs.js?body=1" for 127.0.0.1 at 2014-07-31 21:35:05 +0200


Started GET "/assets/turbolinks.js?body=1" for 127.0.0.1 at 2014-07-31 21:35:05 +0200


Started GET "/assets/jquery.js?body=1" for 127.0.0.1 at 2014-07-31 21:35:05 +0200


Started GET "/assets/application.css?body=1" for 127.0.0.1 at 2014-07-31 21:35:05 +0200


Started GET "/assets/users.js?body=1" for 127.0.0.1 at 2014-07-31 21:35:05 +0200


Started GET "/assets/application.js?body=1" for 127.0.0.1 at 2014-07-31 21:35:05 +0200


Started GET "/cities" for 127.0.0.1 at 2014-07-31 21:35:26 +0200
Processing by CitiesController#index as HTML
  [1m[35mCity Load (0.3ms)[0m  SELECT "cities".* FROM "cities"
  Rendered cities/index.html.erb within layouts/application (4.7ms)
Completed 200 OK in 13ms (Views: 11.6ms | ActiveRecord: 0.3ms)


Started GET "/assets/users.css?body=1" for 127.0.0.1 at 2014-07-31 21:35:26 +0200


Started GET "/assets/users.js?body=1" for 127.0.0.1 at 2014-07-31 21:35:26 +0200


Started GET "/assets/jquery_ujs.js?body=1" for 127.0.0.1 at 2014-07-31 21:35:26 +0200


Started GET "/assets/application.css?body=1" for 127.0.0.1 at 2014-07-31 21:35:26 +0200


Started GET "/assets/jquery.js?body=1" for 127.0.0.1 at 2014-07-31 21:35:26 +0200


Started GET "/assets/turbolinks.js?body=1" for 127.0.0.1 at 2014-07-31 21:35:26 +0200


Started GET "/assets/application.js?body=1" for 127.0.0.1 at 2014-07-31 21:35:26 +0200


Started GET "/cities/1/edit" for 127.0.0.1 at 2014-07-31 21:35:28 +0200
Processing by CitiesController#edit as HTML
  Parameters: {"id"=>"1"}
  [1m[36mCity Load (0.1ms)[0m  [1mSELECT  "cities".* FROM "cities"  WHERE "cities"."id" = ? LIMIT 1[0m  [["id", 1]]
  Rendered cities/edit.html.erb within layouts/application (0.6ms)
Completed 200 OK in 10ms (Views: 8.2ms | ActiveRecord: 0.1ms)


Started GET "/cities/1/edit" for 127.0.0.1 at 2014-07-31 21:36:01 +0200
Processing by CitiesController#edit as HTML
  Parameters: {"id"=>"1"}
  [1m[35mCity Load (0.1ms)[0m  SELECT  "cities".* FROM "cities"  WHERE "cities"."id" = ? LIMIT 1  [["id", 1]]
  Rendered cities/_form.html.erb (8.4ms)
  Rendered cities/edit.html.erb within layouts/application (11.9ms)
Completed 200 OK in 22ms (Views: 19.8ms | ActiveRecord: 0.1ms)


Started PATCH "/cities/1" for 127.0.0.1 at 2014-07-31 21:36:12 +0200
Processing by CitiesController#update as HTML
  Parameters: {"utf8"=>"✓", "authenticity_token"=>"bm5Q76OFWXyEbtp0t2kB1g2ZQ+OTN68uiBJFyStq8LY=", "city"=>{"name"=>"Warszawa 1"}, "commit"=>"Update City", "id"=>"1"}
  [1m[36mCity Load (0.2ms)[0m  [1mSELECT  "cities".* FROM "cities"  WHERE "cities"."id" = ? LIMIT 1[0m  [["id", 1]]
Completed 500 Internal Server Error in 3ms

ArgumentError (wrong number of arguments (0 for 1)):
  app/controllers/cities_controller.rb:30:in `update'


  Rendered /home/gosia/.rvm/gems/ruby-2.0.0-p247/gems/actionpack-4.1.2/lib/action_dispatch/middleware/templates/rescues/_source.erb (1.1ms)
  Rendered /home/gosia/.rvm/gems/ruby-2.0.0-p247/gems/actionpack-4.1.2/lib/action_dispatch/middleware/templates/rescues/_trace.html.erb (2.0ms)
  Rendered /home/gosia/.rvm/gems/ruby-2.0.0-p247/gems/actionpack-4.1.2/lib/action_dispatch/middleware/templates/rescues/_request_and_response.html.erb (1.3ms)
  Rendered /home/gosia/.rvm/gems/ruby-2.0.0-p247/gems/actionpack-4.1.2/lib/action_dispatch/middleware/templates/rescues/diagnostics.erb within rescues/layout (18.4ms)


Started GET "/cities/1" for 127.0.0.1 at 2014-07-31 21:37:18 +0200
Processing by CitiesController#show as HTML
  Parameters: {"id"=>"1"}
  [1m[35mCity Load (0.2ms)[0m  SELECT  "cities".* FROM "cities"  WHERE "cities"."id" = ? LIMIT 1  [["id", 1]]
  Rendered cities/show.html.erb within layouts/application (0.1ms)
Completed 200 OK in 15ms (Views: 6.9ms | ActiveRecord: 0.8ms)


Started GET "/assets/application.css?body=1" for 127.0.0.1 at 2014-07-31 21:37:18 +0200


Started GET "/assets/users.css?body=1" for 127.0.0.1 at 2014-07-31 21:37:18 +0200


Started GET "/assets/users.js?body=1" for 127.0.0.1 at 2014-07-31 21:37:18 +0200


Started GET "/assets/jquery.js?body=1" for 127.0.0.1 at 2014-07-31 21:37:18 +0200


Started GET "/assets/jquery_ujs.js?body=1" for 127.0.0.1 at 2014-07-31 21:37:18 +0200


Started GET "/assets/turbolinks.js?body=1" for 127.0.0.1 at 2014-07-31 21:37:18 +0200


Started GET "/assets/application.js?body=1" for 127.0.0.1 at 2014-07-31 21:37:18 +0200


Started PATCH "/cities/1" for 127.0.0.1 at 2014-07-31 21:37:22 +0200
Processing by CitiesController#update as HTML
  Parameters: {"utf8"=>"✓", "authenticity_token"=>"bm5Q76OFWXyEbtp0t2kB1g2ZQ+OTN68uiBJFyStq8LY=", "city"=>{"name"=>"Warszawa 1"}, "commit"=>"Update City", "id"=>"1"}
  [1m[36mCity Load (0.2ms)[0m  [1mSELECT  "cities".* FROM "cities"  WHERE "cities"."id" = ? LIMIT 1[0m  [["id", 1]]
  [1m[35m (0.1ms)[0m  begin transaction
  [1m[36mSQL (0.5ms)[0m  [1mUPDATE "cities" SET "name" = ?, "updated_at" = ? WHERE "cities"."id" = 1[0m  [["name", "Warszawa 1"], ["updated_at", "2014-07-31 19:37:22.820080"]]
  [1m[35m (674.2ms)[0m  commit transaction
Redirected to http://localhost:3000/cities/1
Completed 302 Found in 683ms (ActiveRecord: 675.0ms)


Started GET "/cities/1" for 127.0.0.1 at 2014-07-31 21:37:23 +0200
Processing by CitiesController#show as HTML
  Parameters: {"id"=>"1"}
  [1m[36mCity Load (0.2ms)[0m  [1mSELECT  "cities".* FROM "cities"  WHERE "cities"."id" = ? LIMIT 1[0m  [["id", 1]]
  Rendered cities/show.html.erb within layouts/application (0.2ms)
Completed 200 OK in 15ms (Views: 11.0ms | ActiveRecord: 0.2ms)


Started GET "/assets/application.css?body=1" for 127.0.0.1 at 2014-07-31 21:37:23 +0200


Started GET "/assets/users.js?body=1" for 127.0.0.1 at 2014-07-31 21:37:23 +0200


Started GET "/assets/turbolinks.js?body=1" for 127.0.0.1 at 2014-07-31 21:37:23 +0200


Started GET "/assets/jquery.js?body=1" for 127.0.0.1 at 2014-07-31 21:37:23 +0200


Started GET "/assets/jquery_ujs.js?body=1" for 127.0.0.1 at 2014-07-31 21:37:23 +0200


Started GET "/assets/application.js?body=1" for 127.0.0.1 at 2014-07-31 21:37:23 +0200


Started GET "/assets/users.css?body=1" for 127.0.0.1 at 2014-07-31 21:37:23 +0200


Started GET "/assets/jquery_ujs.js?body=1" for 127.0.0.1 at 2014-07-31 21:37:23 +0200


Started GET "/assets/turbolinks.js?body=1" for 127.0.0.1 at 2014-07-31 21:37:23 +0200


Started GET "/assets/users.js?body=1" for 127.0.0.1 at 2014-07-31 21:37:23 +0200


Started GET "/assets/application.js?body=1" for 127.0.0.1 at 2014-07-31 21:37:23 +0200


Started GET "/cities" for 127.0.0.1 at 2014-07-31 21:37:32 +0200
Processing by CitiesController#index as HTML
  [1m[35mCity Load (0.3ms)[0m  SELECT "cities".* FROM "cities"
  Rendered cities/index.html.erb within layouts/application (2.9ms)
Completed 200 OK in 12ms (Views: 10.4ms | ActiveRecord: 0.3ms)


Started GET "/assets/users.css?body=1" for 127.0.0.1 at 2014-07-31 21:37:32 +0200


Started GET "/assets/users.js?body=1" for 127.0.0.1 at 2014-07-31 21:37:32 +0200


Started GET "/assets/application.css?body=1" for 127.0.0.1 at 2014-07-31 21:37:32 +0200


Started GET "/assets/turbolinks.js?body=1" for 127.0.0.1 at 2014-07-31 21:37:32 +0200


Started GET "/assets/jquery_ujs.js?body=1" for 127.0.0.1 at 2014-07-31 21:37:32 +0200


Started GET "/assets/jquery.js?body=1" for 127.0.0.1 at 2014-07-31 21:37:32 +0200


Started GET "/assets/application.js?body=1" for 127.0.0.1 at 2014-07-31 21:37:32 +0200


Started GET "/cities/1/edit" for 127.0.0.1 at 2014-07-31 21:37:34 +0200
Processing by CitiesController#edit as HTML
  Parameters: {"id"=>"1"}
  [1m[36mCity Load (0.1ms)[0m  [1mSELECT  "cities".* FROM "cities"  WHERE "cities"."id" = ? LIMIT 1[0m  [["id", 1]]
  Rendered cities/_form.html.erb (6.1ms)
  Rendered cities/edit.html.erb within layouts/application (8.1ms)
Completed 200 OK in 18ms (Views: 15.8ms | ActiveRecord: 0.1ms)


Started PATCH "/cities/1" for 127.0.0.1 at 2014-07-31 21:37:38 +0200
Processing by CitiesController#update as HTML
  Parameters: {"utf8"=>"✓", "authenticity_token"=>"bm5Q76OFWXyEbtp0t2kB1g2ZQ+OTN68uiBJFyStq8LY=", "city"=>{"name"=>"Warszawa"}, "commit"=>"Update City", "id"=>"1"}
  [1m[35mCity Load (0.3ms)[0m  SELECT  "cities".* FROM "cities"  WHERE "cities"."id" = ? LIMIT 1  [["id", 1]]
  [1m[36m (0.1ms)[0m  [1mbegin transaction[0m
  [1m[35mSQL (0.3ms)[0m  UPDATE "cities" SET "name" = ?, "updated_at" = ? WHERE "cities"."id" = 1  [["name", "Warszawa"], ["updated_at", "2014-07-31 19:37:38.116067"]]
  [1m[36m (297.6ms)[0m  [1mcommit transaction[0m
Redirected to http://localhost:3000/cities/1
Completed 302 Found in 305ms (ActiveRecord: 298.3ms)


Started GET "/cities/1" for 127.0.0.1 at 2014-07-31 21:37:38 +0200
Processing by CitiesController#show as HTML
  Parameters: {"id"=>"1"}
  [1m[35mCity Load (0.3ms)[0m  SELECT  "cities".* FROM "cities"  WHERE "cities"."id" = ? LIMIT 1  [["id", 1]]
  Rendered cities/show.html.erb within layouts/application (0.0ms)
Completed 200 OK in 11ms (Views: 7.7ms | ActiveRecord: 0.3ms)


Started GET "/assets/users.css?body=1" for 127.0.0.1 at 2014-07-31 21:37:38 +0200


Started GET "/assets/application.css?body=1" for 127.0.0.1 at 2014-07-31 21:37:38 +0200


Started GET "/assets/turbolinks.js?body=1" for 127.0.0.1 at 2014-07-31 21:37:38 +0200


Started GET "/assets/jquery_ujs.js?body=1" for 127.0.0.1 at 2014-07-31 21:37:38 +0200


Started GET "/assets/users.js?body=1" for 127.0.0.1 at 2014-07-31 21:37:38 +0200


Started GET "/assets/jquery.js?body=1" for 127.0.0.1 at 2014-07-31 21:37:38 +0200


Started GET "/assets/application.js?body=1" for 127.0.0.1 at 2014-07-31 21:37:38 +0200


Started GET "/cities" for 127.0.0.1 at 2014-07-31 21:37:43 +0200
Processing by CitiesController#index as HTML
  [1m[36mCity Load (0.2ms)[0m  [1mSELECT "cities".* FROM "cities"[0m
  Rendered cities/index.html.erb within layouts/application (1.6ms)
Completed 200 OK in 8ms (Views: 7.5ms | ActiveRecord: 0.2ms)


Started GET "/assets/contacts.css?body=1" for 127.0.0.1 at 2014-07-31 21:37:43 +0200


Started GET "/assets/cities.css?body=1" for 127.0.0.1 at 2014-07-31 21:37:43 +0200


Started GET "/assets/jquery.js?body=1" for 127.0.0.1 at 2014-07-31 21:37:43 +0200


Started GET "/assets/application.css?body=1" for 127.0.0.1 at 2014-07-31 21:37:43 +0200


Started GET "/assets/users.css?body=1" for 127.0.0.1 at 2014-07-31 21:37:43 +0200


Started GET "/assets/jquery_ujs.js?body=1" for 127.0.0.1 at 2014-07-31 21:37:43 +0200


Started GET "/assets/turbolinks.js?body=1" for 127.0.0.1 at 2014-07-31 21:37:43 +0200


Started GET "/assets/cities.js?body=1" for 127.0.0.1 at 2014-07-31 21:37:43 +0200


Started GET "/assets/contacts.js?body=1" for 127.0.0.1 at 2014-07-31 21:37:43 +0200


Started GET "/assets/application.js?body=1" for 127.0.0.1 at 2014-07-31 21:37:43 +0200


Started GET "/assets/users.js?body=1" for 127.0.0.1 at 2014-07-31 21:37:43 +0200


Started GET "/cities" for 127.0.0.1 at 2014-07-31 21:41:05 +0200
Processing by CitiesController#index as HTML
  [1m[35mCity Load (0.2ms)[0m  SELECT "cities".* FROM "cities"
  Rendered cities/index.html.erb within layouts/application (5.6ms)
Completed 200 OK in 14ms (Views: 12.9ms | ActiveRecord: 0.2ms)


Started GET "/assets/cities.css?body=1" for 127.0.0.1 at 2014-07-31 21:41:05 +0200


Started GET "/assets/contacts.css?body=1" for 127.0.0.1 at 2014-07-31 21:41:05 +0200


Started GET "/assets/application.css?body=1" for 127.0.0.1 at 2014-07-31 21:41:05 +0200


Started GET "/assets/jquery.js?body=1" for 127.0.0.1 at 2014-07-31 21:41:05 +0200


Started GET "/assets/users.css?body=1" for 127.0.0.1 at 2014-07-31 21:41:05 +0200


Started GET "/assets/jquery_ujs.js?body=1" for 127.0.0.1 at 2014-07-31 21:41:05 +0200


Started GET "/assets/turbolinks.js?body=1" for 127.0.0.1 at 2014-07-31 21:41:05 +0200


Started GET "/assets/cities.js?body=1" for 127.0.0.1 at 2014-07-31 21:41:05 +0200


Started GET "/assets/contacts.js?body=1" for 127.0.0.1 at 2014-07-31 21:41:05 +0200


Started GET "/assets/users.js?body=1" for 127.0.0.1 at 2014-07-31 21:41:05 +0200


Started GET "/assets/application.js?body=1" for 127.0.0.1 at 2014-07-31 21:41:05 +0200


Started GET "/cities.1" for 127.0.0.1 at 2014-07-31 21:41:07 +0200
Processing by CitiesController#index as 
  [1m[36mCity Load (0.6ms)[0m  [1mSELECT "cities".* FROM "cities"[0m
  Rendered cities/index.html.erb within layouts/application (7.1ms)
Completed 200 OK in 20ms (Views: 18.7ms | ActiveRecord: 0.6ms)


Started GET "/cities.2" for 127.0.0.1 at 2014-07-31 21:41:09 +0200
Processing by CitiesController#index as 
  [1m[35mCity Load (0.3ms)[0m  SELECT "cities".* FROM "cities"
  Rendered cities/index.html.erb within layouts/application (2.8ms)
Completed 200 OK in 18ms (Views: 16.6ms | ActiveRecord: 0.3ms)


Started GET "/cities.2" for 127.0.0.1 at 2014-07-31 21:41:10 +0200
Processing by CitiesController#index as 
  [1m[36mCity Load (0.2ms)[0m  [1mSELECT "cities".* FROM "cities"[0m
  Rendered cities/index.html.erb within layouts/application (1.9ms)
Completed 200 OK in 11ms (Views: 9.9ms | ActiveRecord: 0.2ms)


Started GET "/cities.1" for 127.0.0.1 at 2014-07-31 21:41:12 +0200
Processing by CitiesController#index as 
  [1m[35mCity Load (0.2ms)[0m  SELECT "cities".* FROM "cities"
  Rendered cities/index.html.erb within layouts/application (2.7ms)
Completed 200 OK in 71ms (Views: 69.6ms | ActiveRecord: 0.2ms)


Started GET "/cities" for 127.0.0.1 at 2014-07-31 21:41:50 +0200
Processing by CitiesController#index as HTML
  [1m[36mCity Load (0.3ms)[0m  [1mSELECT "cities".* FROM "cities"[0m
  Rendered cities/index.html.erb within layouts/application (4.5ms)
Completed 200 OK in 16ms (Views: 13.8ms | ActiveRecord: 0.3ms)


Started GET "/assets/contacts.css?body=1" for 127.0.0.1 at 2014-07-31 21:41:50 +0200


Started GET "/assets/application.css?body=1" for 127.0.0.1 at 2014-07-31 21:41:50 +0200


Started GET "/assets/cities.css?body=1" for 127.0.0.1 at 2014-07-31 21:41:50 +0200


Started GET "/assets/jquery.js?body=1" for 127.0.0.1 at 2014-07-31 21:41:50 +0200


Started GET "/assets/jquery_ujs.js?body=1" for 127.0.0.1 at 2014-07-31 21:41:50 +0200


Started GET "/assets/users.css?body=1" for 127.0.0.1 at 2014-07-31 21:41:50 +0200


Started GET "/assets/cities.js?body=1" for 127.0.0.1 at 2014-07-31 21:41:50 +0200


Started GET "/assets/turbolinks.js?body=1" for 127.0.0.1 at 2014-07-31 21:41:50 +0200


Started GET "/assets/contacts.js?body=1" for 127.0.0.1 at 2014-07-31 21:41:50 +0200


Started GET "/assets/users.js?body=1" for 127.0.0.1 at 2014-07-31 21:41:50 +0200


Started GET "/assets/application.js?body=1" for 127.0.0.1 at 2014-07-31 21:41:50 +0200


Started GET "/cities/1" for 127.0.0.1 at 2014-07-31 21:41:52 +0200
Processing by CitiesController#show as HTML
  Parameters: {"id"=>"1"}
  [1m[35mCity Load (0.1ms)[0m  SELECT  "cities".* FROM "cities"  WHERE "cities"."id" = ? LIMIT 1  [["id", 1]]
  Rendered cities/show.html.erb within layouts/application (0.7ms)
Completed 200 OK in 15ms (Views: 13.0ms | ActiveRecord: 0.1ms)


Started GET "/cities" for 127.0.0.1 at 2014-07-31 21:43:36 +0200
Processing by CitiesController#index as HTML
  [1m[36mCity Load (0.5ms)[0m  [1mSELECT "cities".* FROM "cities"[0m
  Rendered cities/index.html.erb within layouts/application (4.4ms)
Completed 200 OK in 12ms (Views: 10.2ms | ActiveRecord: 0.5ms)


Started GET "/assets/cities.css?body=1" for 127.0.0.1 at 2014-07-31 21:43:36 +0200


Started GET "/assets/contacts.css?body=1" for 127.0.0.1 at 2014-07-31 21:43:36 +0200


Started GET "/assets/application.css?body=1" for 127.0.0.1 at 2014-07-31 21:43:36 +0200


Started GET "/assets/users.css?body=1" for 127.0.0.1 at 2014-07-31 21:43:36 +0200


Started GET "/assets/jquery.js?body=1" for 127.0.0.1 at 2014-07-31 21:43:36 +0200


Started GET "/assets/jquery_ujs.js?body=1" for 127.0.0.1 at 2014-07-31 21:43:36 +0200


Started GET "/assets/turbolinks.js?body=1" for 127.0.0.1 at 2014-07-31 21:43:36 +0200


Started GET "/assets/cities.js?body=1" for 127.0.0.1 at 2014-07-31 21:43:36 +0200


Started GET "/assets/contacts.js?body=1" for 127.0.0.1 at 2014-07-31 21:43:36 +0200


Started GET "/assets/users.js?body=1" for 127.0.0.1 at 2014-07-31 21:43:36 +0200


Started GET "/assets/application.js?body=1" for 127.0.0.1 at 2014-07-31 21:43:36 +0200


Started GET "/cities/new" for 127.0.0.1 at 2014-07-31 21:43:38 +0200
Processing by CitiesController#new as HTML
  Rendered cities/_form.html.erb (3.6ms)
  Rendered cities/new.html.erb within layouts/application (5.9ms)
Completed 200 OK in 18ms (Views: 16.2ms | ActiveRecord: 0.0ms)


Started POST "/cities" for 127.0.0.1 at 2014-07-31 21:43:42 +0200
Processing by CitiesController#create as HTML
  Parameters: {"utf8"=>"✓", "authenticity_token"=>"bm5Q76OFWXyEbtp0t2kB1g2ZQ+OTN68uiBJFyStq8LY=", "city"=>{"name"=>"Rzeszów"}, "commit"=>"Create City"}
  [1m[35m (0.2ms)[0m  begin transaction
  [1m[36mSQL (0.4ms)[0m  [1mINSERT INTO "cities" ("created_at", "name", "updated_at") VALUES (?, ?, ?)[0m  [["created_at", "2014-07-31 19:43:43.006345"], ["name", "Rzeszów"], ["updated_at", "2014-07-31 19:43:43.006345"]]
  [1m[35m (270.9ms)[0m  commit transaction
Redirected to http://localhost:3000/cities/4
Completed 302 Found in 278ms (ActiveRecord: 271.4ms)


Started GET "/cities/4" for 127.0.0.1 at 2014-07-31 21:43:43 +0200
Processing by CitiesController#show as HTML
  Parameters: {"id"=>"4"}
  [1m[36mCity Load (0.2ms)[0m  [1mSELECT  "cities".* FROM "cities"  WHERE "cities"."id" = ? LIMIT 1[0m  [["id", 4]]
  Rendered cities/show.html.erb within layouts/application (0.1ms)
Completed 200 OK in 11ms (Views: 8.3ms | ActiveRecord: 0.2ms)


Started GET "/assets/contacts.css?body=1" for 127.0.0.1 at 2014-07-31 21:43:43 +0200


Started GET "/assets/cities.css?body=1" for 127.0.0.1 at 2014-07-31 21:43:43 +0200


Started GET "/assets/users.css?body=1" for 127.0.0.1 at 2014-07-31 21:43:43 +0200


Started GET "/assets/jquery.js?body=1" for 127.0.0.1 at 2014-07-31 21:43:43 +0200


Started GET "/assets/jquery_ujs.js?body=1" for 127.0.0.1 at 2014-07-31 21:43:43 +0200


Started GET "/assets/application.css?body=1" for 127.0.0.1 at 2014-07-31 21:43:43 +0200


Started GET "/assets/turbolinks.js?body=1" for 127.0.0.1 at 2014-07-31 21:43:43 +0200


Started GET "/assets/contacts.js?body=1" for 127.0.0.1 at 2014-07-31 21:43:43 +0200


Started GET "/assets/cities.js?body=1" for 127.0.0.1 at 2014-07-31 21:43:43 +0200


Started GET "/assets/users.js?body=1" for 127.0.0.1 at 2014-07-31 21:43:43 +0200


Started GET "/assets/application.js?body=1" for 127.0.0.1 at 2014-07-31 21:43:43 +0200


Started GET "/cities" for 127.0.0.1 at 2014-07-31 21:43:48 +0200
Processing by CitiesController#index as HTML
  [1m[35mCity Load (0.3ms)[0m  SELECT "cities".* FROM "cities"
  Rendered cities/index.html.erb within layouts/application (3.6ms)
Completed 200 OK in 13ms (Views: 12.0ms | ActiveRecord: 0.3ms)


Started GET "/assets/cities.css?body=1" for 127.0.0.1 at 2014-07-31 21:43:48 +0200


Started GET "/assets/contacts.css?body=1" for 127.0.0.1 at 2014-07-31 21:43:48 +0200


Started GET "/assets/application.css?body=1" for 127.0.0.1 at 2014-07-31 21:43:48 +0200


Started GET "/assets/jquery_ujs.js?body=1" for 127.0.0.1 at 2014-07-31 21:43:48 +0200


Started GET "/assets/jquery.js?body=1" for 127.0.0.1 at 2014-07-31 21:43:48 +0200


Started GET "/assets/users.css?body=1" for 127.0.0.1 at 2014-07-31 21:43:48 +0200


Started GET "/assets/turbolinks.js?body=1" for 127.0.0.1 at 2014-07-31 21:43:48 +0200


Started GET "/assets/cities.js?body=1" for 127.0.0.1 at 2014-07-31 21:43:48 +0200


Started GET "/assets/contacts.js?body=1" for 127.0.0.1 at 2014-07-31 21:43:48 +0200


Started GET "/assets/users.js?body=1" for 127.0.0.1 at 2014-07-31 21:43:48 +0200


Started GET "/assets/application.js?body=1" for 127.0.0.1 at 2014-07-31 21:43:48 +0200


Started GET "/cities" for 127.0.0.1 at 2014-07-31 21:49:44 +0200
Processing by CitiesController#index as HTML
  [1m[36mCity Load (0.3ms)[0m  [1mSELECT "cities".* FROM "cities"[0m
  Rendered cities/index.html.erb within layouts/application (4.0ms)
Completed 200 OK in 12ms (Views: 10.7ms | ActiveRecord: 0.3ms)


Started GET "/assets/cities.css?body=1" for 127.0.0.1 at 2014-07-31 21:49:44 +0200


Started GET "/assets/users.css?body=1" for 127.0.0.1 at 2014-07-31 21:49:44 +0200


Started GET "/assets/jquery.js?body=1" for 127.0.0.1 at 2014-07-31 21:49:44 +0200


Started GET "/assets/contacts.css?body=1" for 127.0.0.1 at 2014-07-31 21:49:44 +0200


Started GET "/assets/jquery_ujs.js?body=1" for 127.0.0.1 at 2014-07-31 21:49:44 +0200


Started GET "/assets/application.css?body=1" for 127.0.0.1 at 2014-07-31 21:49:44 +0200


Started GET "/assets/turbolinks.js?body=1" for 127.0.0.1 at 2014-07-31 21:49:44 +0200


Started GET "/assets/cities.js?body=1" for 127.0.0.1 at 2014-07-31 21:49:44 +0200


Started GET "/assets/contacts.js?body=1" for 127.0.0.1 at 2014-07-31 21:49:44 +0200


Started GET "/assets/users.js?body=1" for 127.0.0.1 at 2014-07-31 21:49:44 +0200


Started GET "/assets/application.js?body=1" for 127.0.0.1 at 2014-07-31 21:49:44 +0200


Started GET "/cities/1" for 127.0.0.1 at 2014-07-31 21:49:46 +0200
Processing by CitiesController#show as HTML
  Parameters: {"id"=>"1"}
  [1m[35mCity Load (0.2ms)[0m  SELECT  "cities".* FROM "cities"  WHERE "cities"."id" = ? LIMIT 1  [["id", 1]]
  Rendered cities/show.html.erb within layouts/application (49.1ms)
Completed 500 Internal Server Error in 101ms

ActionView::Template::Error (undefined method `title' for #<City:0x00000004232748>):
    2: 
    3: <p>
    4:   <strong>Nazwa:</strong>
    5:   <%= @city.title %>
    6: </p>
    7: 
    8: 
  app/views/cities/show.html.erb:5:in `_app_views_cities_show_html_erb___3037908407759547813_34702000'


  Rendered /home/gosia/.rvm/gems/ruby-2.0.0-p247/gems/actionpack-4.1.2/lib/action_dispatch/middleware/templates/rescues/_trace.html.erb (1.5ms)
  Rendered /home/gosia/.rvm/gems/ruby-2.0.0-p247/gems/actionpack-4.1.2/lib/action_dispatch/middleware/templates/rescues/_request_and_response.html.erb (1.7ms)
  Rendered /home/gosia/.rvm/gems/ruby-2.0.0-p247/gems/actionpack-4.1.2/lib/action_dispatch/middleware/templates/rescues/template_error.html.erb within rescues/layout (14.0ms)


Started GET "/cities/1" for 127.0.0.1 at 2014-07-31 21:49:46 +0200
Processing by CitiesController#show as HTML
  Parameters: {"id"=>"1"}
  [1m[36mCity Load (0.2ms)[0m  [1mSELECT  "cities".* FROM "cities"  WHERE "cities"."id" = ? LIMIT 1[0m  [["id", 1]]
  Rendered cities/show.html.erb within layouts/application (3.2ms)
Completed 500 Internal Server Error in 9ms

ActionView::Template::Error (undefined method `title' for #<City:0x00000003ab3210>):
    2: 
    3: <p>
    4:   <strong>Nazwa:</strong>
    5:   <%= @city.title %>
    6: </p>
    7: 
    8: 
  app/views/cities/show.html.erb:5:in `_app_views_cities_show_html_erb___3037908407759547813_30785360'


  Rendered /home/gosia/.rvm/gems/ruby-2.0.0-p247/gems/actionpack-4.1.2/lib/action_dispatch/middleware/templates/rescues/_trace.html.erb (1.7ms)
  Rendered /home/gosia/.rvm/gems/ruby-2.0.0-p247/gems/actionpack-4.1.2/lib/action_dispatch/middleware/templates/rescues/_request_and_response.html.erb (1.8ms)
  Rendered /home/gosia/.rvm/gems/ruby-2.0.0-p247/gems/actionpack-4.1.2/lib/action_dispatch/middleware/templates/rescues/template_error.html.erb within rescues/layout (21.5ms)


Started GET "/cities/1" for 127.0.0.1 at 2014-07-31 21:49:57 +0200
Processing by CitiesController#show as HTML
  Parameters: {"id"=>"1"}
  [1m[35mCity Load (0.2ms)[0m  SELECT  "cities".* FROM "cities"  WHERE "cities"."id" = ? LIMIT 1  [["id", 1]]
  Rendered cities/show.html.erb within layouts/application (2.0ms)
Completed 200 OK in 12ms (Views: 9.3ms | ActiveRecord: 0.2ms)


Started GET "/assets/cities.css?body=1" for 127.0.0.1 at 2014-07-31 21:49:57 +0200


Started GET "/assets/jquery_ujs.js?body=1" for 127.0.0.1 at 2014-07-31 21:49:57 +0200


Started GET "/assets/application.css?body=1" for 127.0.0.1 at 2014-07-31 21:49:57 +0200


Started GET "/assets/contacts.css?body=1" for 127.0.0.1 at 2014-07-31 21:49:57 +0200


Started GET "/assets/users.css?body=1" for 127.0.0.1 at 2014-07-31 21:49:57 +0200


Started GET "/assets/jquery.js?body=1" for 127.0.0.1 at 2014-07-31 21:49:57 +0200


Started GET "/assets/turbolinks.js?body=1" for 127.0.0.1 at 2014-07-31 21:49:57 +0200


Started GET "/assets/cities.js?body=1" for 127.0.0.1 at 2014-07-31 21:49:57 +0200


Started GET "/assets/contacts.js?body=1" for 127.0.0.1 at 2014-07-31 21:49:57 +0200


Started GET "/assets/users.js?body=1" for 127.0.0.1 at 2014-07-31 21:49:57 +0200


Started GET "/assets/application.js?body=1" for 127.0.0.1 at 2014-07-31 21:49:57 +0200


Started GET "/cities" for 127.0.0.1 at 2014-07-31 21:50:02 +0200
Processing by CitiesController#index as HTML
  [1m[36mCity Load (0.3ms)[0m  [1mSELECT "cities".* FROM "cities"[0m
  Rendered cities/index.html.erb within layouts/application (7.3ms)
Completed 200 OK in 20ms (Views: 18.2ms | ActiveRecord: 0.3ms)


Started GET "/cities/1" for 127.0.0.1 at 2014-07-31 21:50:03 +0200
Processing by CitiesController#show as HTML
  Parameters: {"id"=>"1"}
  [1m[35mCity Load (0.2ms)[0m  SELECT  "cities".* FROM "cities"  WHERE "cities"."id" = ? LIMIT 1  [["id", 1]]
  Rendered cities/show.html.erb within layouts/application (1.4ms)
Completed 200 OK in 14ms (Views: 11.3ms | ActiveRecord: 0.2ms)


Started GET "/cities" for 127.0.0.1 at 2014-07-31 21:50:05 +0200
Processing by CitiesController#index as HTML
  [1m[36mCity Load (0.3ms)[0m  [1mSELECT "cities".* FROM "cities"[0m
  Rendered cities/index.html.erb within layouts/application (4.9ms)
Completed 200 OK in 16ms (Views: 14.8ms | ActiveRecord: 0.3ms)


Started GET "/cities/4/edit" for 127.0.0.1 at 2014-07-31 21:50:08 +0200
Processing by CitiesController#edit as HTML
  Parameters: {"id"=>"4"}
  [1m[35mCity Load (0.3ms)[0m  SELECT  "cities".* FROM "cities"  WHERE "cities"."id" = ? LIMIT 1  [["id", 4]]
  Rendered cities/_form.html.erb (5.1ms)
  Rendered cities/edit.html.erb within layouts/application (6.8ms)
Completed 200 OK in 19ms (Views: 16.0ms | ActiveRecord: 0.3ms)


Started PATCH "/cities/4" for 127.0.0.1 at 2014-07-31 21:50:12 +0200
Processing by CitiesController#update as HTML
  Parameters: {"utf8"=>"✓", "authenticity_token"=>"bm5Q76OFWXyEbtp0t2kB1g2ZQ+OTN68uiBJFyStq8LY=", "city"=>{"name"=>"Rzeszó"}, "commit"=>"Update City", "id"=>"4"}
  [1m[36mCity Load (0.1ms)[0m  [1mSELECT  "cities".* FROM "cities"  WHERE "cities"."id" = ? LIMIT 1[0m  [["id", 4]]
  [1m[35m (0.1ms)[0m  begin transaction
  [1m[36mSQL (0.5ms)[0m  [1mUPDATE "cities" SET "name" = ?, "updated_at" = ? WHERE "cities"."id" = 4[0m  [["name", "Rzeszó"], ["updated_at", "2014-07-31 19:50:12.073234"]]
  [1m[35m (282.0ms)[0m  commit transaction
Redirected to http://localhost:3000/cities/4
Completed 302 Found in 288ms (ActiveRecord: 282.7ms)


Started GET "/cities/4" for 127.0.0.1 at 2014-07-31 21:50:12 +0200
Processing by CitiesController#show as HTML
  Parameters: {"id"=>"4"}
  [1m[36mCity Load (0.2ms)[0m  [1mSELECT  "cities".* FROM "cities"  WHERE "cities"."id" = ? LIMIT 1[0m  [["id", 4]]
  Rendered cities/show.html.erb within layouts/application (0.5ms)
Completed 200 OK in 8ms (Views: 6.8ms | ActiveRecord: 0.2ms)


Started GET "/assets/cities.css?body=1" for 127.0.0.1 at 2014-07-31 21:50:12 +0200


Started GET "/assets/contacts.css?body=1" for 127.0.0.1 at 2014-07-31 21:50:12 +0200


Started GET "/assets/jquery_ujs.js?body=1" for 127.0.0.1 at 2014-07-31 21:50:12 +0200


Started GET "/assets/users.css?body=1" for 127.0.0.1 at 2014-07-31 21:50:12 +0200


Started GET "/assets/jquery.js?body=1" for 127.0.0.1 at 2014-07-31 21:50:12 +0200


Started GET "/assets/application.css?body=1" for 127.0.0.1 at 2014-07-31 21:50:12 +0200


Started GET "/assets/turbolinks.js?body=1" for 127.0.0.1 at 2014-07-31 21:50:12 +0200


Started GET "/assets/cities.js?body=1" for 127.0.0.1 at 2014-07-31 21:50:12 +0200


Started GET "/assets/contacts.js?body=1" for 127.0.0.1 at 2014-07-31 21:50:12 +0200


Started GET "/assets/application.js?body=1" for 127.0.0.1 at 2014-07-31 21:50:12 +0200


Started GET "/assets/users.js?body=1" for 127.0.0.1 at 2014-07-31 21:50:12 +0200


Started GET "/cities" for 127.0.0.1 at 2014-07-31 21:50:15 +0200
Processing by CitiesController#index as HTML
  [1m[35mCity Load (0.2ms)[0m  SELECT "cities".* FROM "cities"
  Rendered cities/index.html.erb within layouts/application (3.1ms)
Completed 200 OK in 15ms (Views: 14.1ms | ActiveRecord: 0.2ms)


Started GET "/cities/4/edit" for 127.0.0.1 at 2014-07-31 21:50:17 +0200
Processing by CitiesController#edit as HTML
  Parameters: {"id"=>"4"}
  [1m[36mCity Load (0.1ms)[0m  [1mSELECT  "cities".* FROM "cities"  WHERE "cities"."id" = ? LIMIT 1[0m  [["id", 4]]
  Rendered cities/_form.html.erb (4.3ms)
  Rendered cities/edit.html.erb within layouts/application (6.5ms)
Completed 200 OK in 18ms (Views: 16.0ms | ActiveRecord: 0.1ms)


Started PATCH "/cities/4" for 127.0.0.1 at 2014-07-31 21:50:20 +0200
Processing by CitiesController#update as HTML
  Parameters: {"utf8"=>"✓", "authenticity_token"=>"bm5Q76OFWXyEbtp0t2kB1g2ZQ+OTN68uiBJFyStq8LY=", "city"=>{"name"=>"Rzeszów"}, "commit"=>"Update City", "id"=>"4"}
  [1m[35mCity Load (0.3ms)[0m  SELECT  "cities".* FROM "cities"  WHERE "cities"."id" = ? LIMIT 1  [["id", 4]]
  [1m[36m (0.1ms)[0m  [1mbegin transaction[0m
  [1m[35mSQL (0.2ms)[0m  UPDATE "cities" SET "name" = ?, "updated_at" = ? WHERE "cities"."id" = 4  [["name", "Rzeszów"], ["updated_at", "2014-07-31 19:50:20.462834"]]
  [1m[36m (322.5ms)[0m  [1mcommit transaction[0m
Redirected to http://localhost:3000/cities/4
Completed 302 Found in 329ms (ActiveRecord: 323.1ms)


Started GET "/cities/4" for 127.0.0.1 at 2014-07-31 21:50:20 +0200
Processing by CitiesController#show as HTML
  Parameters: {"id"=>"4"}
  [1m[35mCity Load (0.2ms)[0m  SELECT  "cities".* FROM "cities"  WHERE "cities"."id" = ? LIMIT 1  [["id", 4]]
  Rendered cities/show.html.erb within layouts/application (1.3ms)
Completed 200 OK in 12ms (Views: 10.1ms | ActiveRecord: 0.2ms)


Started GET "/assets/cities.css?body=1" for 127.0.0.1 at 2014-07-31 21:50:20 +0200


Started GET "/assets/users.css?body=1" for 127.0.0.1 at 2014-07-31 21:50:20 +0200


Started GET "/assets/jquery.js?body=1" for 127.0.0.1 at 2014-07-31 21:50:20 +0200


Started GET "/assets/contacts.css?body=1" for 127.0.0.1 at 2014-07-31 21:50:20 +0200


Started GET "/assets/jquery_ujs.js?body=1" for 127.0.0.1 at 2014-07-31 21:50:20 +0200


Started GET "/assets/application.css?body=1" for 127.0.0.1 at 2014-07-31 21:50:20 +0200


Started GET "/assets/turbolinks.js?body=1" for 127.0.0.1 at 2014-07-31 21:50:20 +0200


Started GET "/assets/cities.js?body=1" for 127.0.0.1 at 2014-07-31 21:50:20 +0200


Started GET "/assets/contacts.js?body=1" for 127.0.0.1 at 2014-07-31 21:50:20 +0200


Started GET "/assets/users.js?body=1" for 127.0.0.1 at 2014-07-31 21:50:20 +0200


Started GET "/assets/application.js?body=1" for 127.0.0.1 at 2014-07-31 21:50:21 +0200


Started GET "/cities" for 127.0.0.1 at 2014-07-31 21:50:22 +0200
Processing by CitiesController#index as HTML
  [1m[36mCity Load (0.2ms)[0m  [1mSELECT "cities".* FROM "cities"[0m
  Rendered cities/index.html.erb within layouts/application (4.4ms)
Completed 200 OK in 15ms (Views: 13.6ms | ActiveRecord: 0.2ms)


Started GET "/cities/1/edit" for 127.0.0.1 at 2014-07-31 21:52:12 +0200
Processing by CitiesController#edit as HTML
  Parameters: {"id"=>"1"}
  [1m[35mCity Load (0.2ms)[0m  SELECT  "cities".* FROM "cities"  WHERE "cities"."id" = ? LIMIT 1  [["id", 1]]
  Rendered cities/_form.html.erb (2.9ms)
  Rendered cities/edit.html.erb within layouts/application (3.9ms)
Completed 200 OK in 21ms (Views: 10.7ms | ActiveRecord: 1.2ms)


Started PATCH "/cities/1" for 127.0.0.1 at 2014-07-31 21:52:13 +0200
Processing by CitiesController#update as HTML
  Parameters: {"utf8"=>"✓", "authenticity_token"=>"bm5Q76OFWXyEbtp0t2kB1g2ZQ+OTN68uiBJFyStq8LY=", "city"=>{"name"=>"Warszawa"}, "commit"=>"Update City", "id"=>"1"}
  [1m[36mCity Load (0.2ms)[0m  [1mSELECT  "cities".* FROM "cities"  WHERE "cities"."id" = ? LIMIT 1[0m  [["id", 1]]
  [1m[35m (0.2ms)[0m  begin transaction
  [1m[36m (0.2ms)[0m  [1mcommit transaction[0m
Redirected to http://localhost:3000/cities/1
Completed 302 Found in 6ms (ActiveRecord: 0.6ms)


Started GET "/cities/1" for 127.0.0.1 at 2014-07-31 21:52:13 +0200
Processing by CitiesController#show as HTML
  Parameters: {"id"=>"1"}
  [1m[35mCity Load (0.2ms)[0m  SELECT  "cities".* FROM "cities"  WHERE "cities"."id" = ? LIMIT 1  [["id", 1]]
  Rendered cities/show.html.erb within layouts/application (0.7ms)
Completed 200 OK in 13ms (Views: 10.5ms | ActiveRecord: 0.2ms)


Started GET "/assets/cities.css?body=1" for 127.0.0.1 at 2014-07-31 21:52:13 +0200


Started GET "/assets/contacts.css?body=1" for 127.0.0.1 at 2014-07-31 21:52:13 +0200


Started GET "/assets/jquery.js?body=1" for 127.0.0.1 at 2014-07-31 21:52:13 +0200


Started GET "/assets/application.css?body=1" for 127.0.0.1 at 2014-07-31 21:52:13 +0200


Started GET "/assets/users.css?body=1" for 127.0.0.1 at 2014-07-31 21:52:13 +0200


Started GET "/assets/jquery_ujs.js?body=1" for 127.0.0.1 at 2014-07-31 21:52:13 +0200


Started GET "/assets/cities.js?body=1" for 127.0.0.1 at 2014-07-31 21:52:13 +0200


Started GET "/assets/turbolinks.js?body=1" for 127.0.0.1 at 2014-07-31 21:52:13 +0200


Started GET "/assets/users.js?body=1" for 127.0.0.1 at 2014-07-31 21:52:13 +0200


Started GET "/assets/application.js?body=1" for 127.0.0.1 at 2014-07-31 21:52:13 +0200


Started GET "/assets/contacts.js?body=1" for 127.0.0.1 at 2014-07-31 21:52:13 +0200


Started GET "/cities" for 127.0.0.1 at 2014-07-31 21:52:15 +0200
Processing by CitiesController#index as HTML
  [1m[36mCity Load (0.2ms)[0m  [1mSELECT "cities".* FROM "cities"[0m
  Rendered cities/index.html.erb within layouts/application (4.2ms)
Completed 200 OK in 17ms (Views: 16.0ms | ActiveRecord: 0.2ms)


Started GET "/cities/1" for 127.0.0.1 at 2014-07-31 21:52:16 +0200
Processing by CitiesController#show as HTML
  Parameters: {"id"=>"1"}
  [1m[35mCity Load (0.1ms)[0m  SELECT  "cities".* FROM "cities"  WHERE "cities"."id" = ? LIMIT 1  [["id", 1]]
  Rendered cities/show.html.erb within layouts/application (0.6ms)
Completed 200 OK in 12ms (Views: 10.5ms | ActiveRecord: 0.1ms)


Started GET "/cities" for 127.0.0.1 at 2014-07-31 21:52:18 +0200
Processing by CitiesController#index as HTML
  [1m[36mCity Load (0.3ms)[0m  [1mSELECT "cities".* FROM "cities"[0m
  Rendered cities/index.html.erb within layouts/application (3.8ms)
Completed 200 OK in 17ms (Views: 15.2ms | ActiveRecord: 0.3ms)
  [1m[36m (0.1ms)[0m  [1mbegin transaction[0m
  [1m[35m (0.1ms)[0m  rollback transaction
  [1m[36mActiveRecord::SchemaMigration Load (0.1ms)[0m  [1mSELECT "schema_migrations".* FROM "schema_migrations"[0m
  [1m[35mActiveRecord::SchemaMigration Load (0.1ms)[0m  SELECT "schema_migrations".* FROM "schema_migrations"
  [1m[36m (0.2ms)[0m  [1mbegin transaction[0m
  [1m[35mSQL (0.5ms)[0m  INSERT INTO "contacts" ("city_id", "created_at", "number", "objects", "updated_at") VALUES (?, ?, ?, ?, ?)  [["city_id", 1], ["created_at", "2014-07-31 20:41:07.821354"], ["number", 1], ["objects", 2], ["updated_at", "2014-07-31 20:41:07.821354"]]
  [1m[36m (151.2ms)[0m  [1mcommit transaction[0m
  [1m[35mContact Load (0.5ms)[0m  SELECT  "contacts".* FROM "contacts"  WHERE "contacts"."id" = ? LIMIT 1  [["id", 1]]
  [1m[36mCity Load (0.2ms)[0m  [1mSELECT  "cities".* FROM "cities"  WHERE "cities"."id" = ? LIMIT 1[0m  [["id", 1]]
  [1m[35mContact Load (0.5ms)[0m  SELECT "contacts".* FROM "contacts"  WHERE "contacts"."city_id" = ?  [["city_id", 1]]
  [1m[36mCity Load (0.3ms)[0m  [1mSELECT  "cities".* FROM "cities"  WHERE "cities"."id" = ? LIMIT 1[0m  [["id", 2]]
  [1m[36mActiveRecord::SchemaMigration Load (0.1ms)[0m  [1mSELECT "schema_migrations".* FROM "schema_migrations"[0m
  [1m[35mActiveRecord::SchemaMigration Load (0.1ms)[0m  SELECT "schema_migrations".* FROM "schema_migrations"
  [1m[36mCity Load (1.0ms)[0m  [1mSELECT  "cities".* FROM "cities"  WHERE "cities"."id" = ? LIMIT 1[0m  [["id", 2]]
  [1m[35m (0.8ms)[0m  begin transaction
  [1m[36m (0.1ms)[0m  [1mrollback transaction[0m
  [1m[35mContact Load (0.5ms)[0m  SELECT  "contacts".* FROM "contacts"  WHERE "contacts"."id" = ? LIMIT 1  [["id", 2]]
  [1m[36mContact Load (0.3ms)[0m  [1mSELECT  "contacts".* FROM "contacts"  WHERE "contacts"."id" = ? LIMIT 1[0m  [["id", 1]]
  [1m[35mCity Load (0.4ms)[0m  SELECT  "cities".* FROM "cities"  WHERE "cities"."id" = ? LIMIT 1  [["id", 1]]
  [1m[36mCity Load (0.3ms)[0m  [1mSELECT  "cities".* FROM "cities"  WHERE "cities"."id" = ? LIMIT 1[0m  [["id", 1]]
  [1m[35m (0.2ms)[0m  begin transaction
  [1m[36m (0.1ms)[0m  [1mrollback transaction[0m
  [1m[35m (0.2ms)[0m  begin transaction
  [1m[36mSQL (0.9ms)[0m  [1mINSERT INTO "contacts" ("city_id", "created_at", "number", "objects", "updated_at") VALUES (?, ?, ?, ?, ?)[0m  [["city_id", 1], ["created_at", "2014-07-31 20:56:38.458157"], ["number", 1], ["objects", 2], ["updated_at", "2014-07-31 20:56:38.458157"]]
  [1m[35m (153.0ms)[0m  commit transaction
  [1m[36mCity Load (0.3ms)[0m  [1mSELECT  "cities".* FROM "cities"  WHERE "cities"."id" = ? LIMIT 1[0m  [["id", 1]]
  [1m[35m (0.2ms)[0m  begin transaction
  [1m[36mSQL (0.5ms)[0m  [1mINSERT INTO "contacts" ("city_id", "created_at", "number", "objects", "updated_at") VALUES (?, ?, ?, ?, ?)[0m  [["city_id", 1], ["created_at", "2014-07-31 21:02:50.583635"], ["number", 1], ["objects", 2], ["updated_at", "2014-07-31 21:02:50.583635"]]
  [1m[35m (166.5ms)[0m  commit transaction
  [1m[36mContact Load (0.5ms)[0m  [1mSELECT  "contacts".* FROM "contacts"  WHERE "contacts"."city_id" = ? AND "contacts"."id" = ? LIMIT 1[0m  [["city_id", 1], ["id", 2]]
  [1m[35mContact Load (0.5ms)[0m  SELECT  "contacts".* FROM "contacts"  WHERE "contacts"."id" = ? LIMIT 1  [["id", 1]]
  [1m[36mCity Load (0.3ms)[0m  [1mSELECT  "cities".* FROM "cities"  WHERE "cities"."id" = ? LIMIT 1[0m  [["id", 1]]


Started GET "/contacts" for 127.0.0.1 at 2014-07-31 23:33:40 +0200
  [1m[36mActiveRecord::SchemaMigration Load (0.1ms)[0m  [1mSELECT "schema_migrations".* FROM "schema_migrations"[0m

SyntaxError (/home/gosia/cl/ufo/app/controllers/contacts_controller.rb:58: syntax error, unexpected keyword_end, expecting end-of-input):
  app/controllers/contacts_controller.rb:58: syntax error, unexpected keyword_end, expecting end-of-input


  Rendered /home/gosia/.rvm/gems/ruby-2.0.0-p247/gems/actionpack-4.1.2/lib/action_dispatch/middleware/templates/rescues/_source.erb (0.9ms)
  Rendered /home/gosia/.rvm/gems/ruby-2.0.0-p247/gems/actionpack-4.1.2/lib/action_dispatch/middleware/templates/rescues/_trace.html.erb (1.8ms)
  Rendered /home/gosia/.rvm/gems/ruby-2.0.0-p247/gems/actionpack-4.1.2/lib/action_dispatch/middleware/templates/rescues/_request_and_response.html.erb (48.4ms)
  Rendered /home/gosia/.rvm/gems/ruby-2.0.0-p247/gems/actionpack-4.1.2/lib/action_dispatch/middleware/templates/rescues/diagnostics.erb within rescues/layout (67.0ms)


Started GET "/contacts" for 127.0.0.1 at 2014-07-31 23:33:59 +0200
Processing by ContactsController#index as HTML
  Rendered contacts/index.html.erb within layouts/application (0.7ms)
Completed 200 OK in 122ms (Views: 114.2ms | ActiveRecord: 0.0ms)


Started GET "/assets/cities.css?body=1" for 127.0.0.1 at 2014-07-31 23:33:59 +0200


Started GET "/assets/users.css?body=1" for 127.0.0.1 at 2014-07-31 23:33:59 +0200


Started GET "/assets/contacts.css?body=1" for 127.0.0.1 at 2014-07-31 23:33:59 +0200


Started GET "/assets/application.css?body=1" for 127.0.0.1 at 2014-07-31 23:33:59 +0200


Started GET "/assets/jquery.js?body=1" for 127.0.0.1 at 2014-07-31 23:33:59 +0200


Started GET "/assets/jquery_ujs.js?body=1" for 127.0.0.1 at 2014-07-31 23:33:59 +0200


Started GET "/assets/turbolinks.js?body=1" for 127.0.0.1 at 2014-07-31 23:33:59 +0200


Started GET "/assets/cities.js?body=1" for 127.0.0.1 at 2014-07-31 23:33:59 +0200


Started GET "/assets/contacts.js?body=1" for 127.0.0.1 at 2014-07-31 23:33:59 +0200


Started GET "/assets/users.js?body=1" for 127.0.0.1 at 2014-07-31 23:33:59 +0200


Started GET "/assets/application.js?body=1" for 127.0.0.1 at 2014-07-31 23:34:00 +0200
